# JRE version: Java(TM) SE Runtime Environment (8.0_66-b18) (build 1.8.0_66-b18)
# Java VM: Java HotSpot(TM) 64-Bit Server VM (25.66-b18 mixed mode windows-amd64 compressed oops)
Heap:
 PSYoungGen      total 53248K, used 16529K [0x00000007bc400000, 0x00000007c0000000, 0x00000007c0000000)
  eden space 45568K, 29% used [0x00000007bc400000,0x00000007bd10a648,0x00000007bf080000)
  from space 7680K, 41% used [0x00000007bf080000,0x00000007bf399f80,0x00000007bf800000)
  to   space 7680K, 0% used [0x00000007bf880000,0x00000007bf880000,0x00000007c0000000)
 ParOldGen       total 172544K, used 98240K [0x0000000700000000, 0x000000070a880000, 0x00000007bc400000)
  object space 172544K, 56% used [0x0000000700000000,0x0000000705ff0240,0x000000070a880000)
 Metaspace       used 76973K, capacity 77444K, committed 77824K, reserved 1116160K
  class space    used 11083K, capacity 11190K, committed 11264K, reserved 1048576K
GC Heap History (10 events):
Event: 3857.905 GC heap before
{Heap before GC invocations=536 (full 71):
 PSYoungGen      total 52224K, used 46451K [0x00000007bc400000, 0x00000007c0000000, 0x00000007c0000000)
  eden space 42496K, 100% used [0x00000007bc400000,0x00000007bed80000,0x00000007bed80000)
  from space 9728K, 40% used [0x00000007bf680000,0x00000007bfa5cdd8,0x00000007c0000000)
  to   space 9216K, 0% used [0x00000007bed80000,0x00000007bed80000,0x00000007bf680000)
 ParOldGen       total 172544K, used 96900K [0x0000000700000000, 0x000000070a880000, 0x00000007bc400000)
  object space 172544K, 56% used [0x0000000700000000,0x0000000705ea1308,0x000000070a880000)
 Metaspace       used 76973K, capacity 77444K, committed 77824K, reserved 1116160K
  class space    used 11083K, capacity 11190K, committed 11264K, reserved 1048576K
Event: 3857.909 GC heap after
Heap after GC invocations=536 (full 71):
 PSYoungGen      total 51712K, used 4254K [0x00000007bc400000, 0x00000007c0000000, 0x00000007c0000000)
  eden space 42496K, 0% used [0x00000007bc400000,0x00000007bc400000,0x00000007bed80000)
  from space 9216K, 46% used [0x00000007bed80000,0x00000007bf1a7808,0x00000007bf680000)
  to   space 8704K, 0% used [0x00000007bf780000,0x00000007bf780000,0x00000007c0000000)
 ParOldGen       total 172544K, used 96900K [0x0000000700000000, 0x000000070a880000, 0x00000007bc400000)
  object space 172544K, 56% used [0x0000000700000000,0x0000000705ea1308,0x000000070a880000)
 Metaspace       used 76973K, capacity 77444K, committed 77824K, reserved 1116160K
  class space    used 11083K, capacity 11190K, committed 11264K, reserved 1048576K
}
Event: 3868.937 GC heap before
{Heap before GC invocations=537 (full 71):
 PSYoungGen      total 51712K, used 46750K [0x00000007bc400000, 0x00000007c0000000, 0x00000007c0000000)
  eden space 42496K, 100% used [0x00000007bc400000,0x00000007bed80000,0x00000007bed80000)
  from space 9216K, 46% used [0x00000007bed80000,0x00000007bf1a7808,0x00000007bf680000)
  to   space 8704K, 0% used [0x00000007bf780000,0x00000007bf780000,0x00000007c0000000)
 ParOldGen       total 172544K, used 96900K [0x0000000700000000, 0x000000070a880000, 0x00000007bc400000)
  object space 172544K, 56% used [0x0000000700000000,0x0000000705ea1308,0x000000070a880000)
 Metaspace       used 76973K, capacity 77444K, committed 77824K, reserved 1116160K
  class space    used 11083K, capacity 11190K, committed 11264K, reserved 1048576K
Event: 3868.941 GC heap after
Heap after GC invocations=537 (full 71):
 PSYoungGen      total 53248K, used 4313K [0x00000007bc400000, 0x00000007c0000000, 0x00000007c0000000)
  eden space 44544K, 0% used [0x00000007bc400000,0x00000007bc400000,0x00000007bef80000)
  from space 8704K, 49% used [0x00000007bf780000,0x00000007bfbb6668,0x00000007c0000000)
  to   space 8192K, 0% used [0x00000007bef80000,0x00000007bef80000,0x00000007bf780000)
 ParOldGen       total 172544K, used 96900K [0x0000000700000000, 0x000000070a880000, 0x00000007bc400000)
  object space 172544K, 56% used [0x0000000700000000,0x0000000705ea1308,0x000000070a880000)
 Metaspace       used 76973K, capacity 77444K, committed 77824K, reserved 1116160K
  class space    used 11083K, capacity 11190K, committed 11264K, reserved 1048576K
}
Event: 3869.190 GC heap before
{Heap before GC invocations=538 (full 71):
 PSYoungGen      total 53248K, used 48857K [0x00000007bc400000, 0x00000007c0000000, 0x00000007c0000000)
  eden space 44544K, 100% used [0x00000007bc400000,0x00000007bef80000,0x00000007bef80000)
  from space 8704K, 49% used [0x00000007bf780000,0x00000007bfbb6668,0x00000007c0000000)
  to   space 8192K, 0% used [0x00000007bef80000,0x00000007bef80000,0x00000007bf780000)
 ParOldGen       total 172544K, used 96900K [0x0000000700000000, 0x000000070a880000, 0x00000007bc400000)
  object space 172544K, 56% used [0x0000000700000000,0x0000000705ea1308,0x000000070a880000)
 Metaspace       used 76973K, capacity 77444K, committed 77824K, reserved 1116160K
  class space    used 11083K, capacity 11190K, committed 11264K, reserved 1048576K
Event: 3869.194 GC heap after
Heap after GC invocations=538 (full 71):
 PSYoungGen      total 52736K, used 4308K [0x00000007bc400000, 0x00000007c0000000, 0x00000007c0000000)
  eden space 44544K, 0% used [0x00000007bc400000,0x00000007bc400000,0x00000007bef80000)
  from space 8192K, 52% used [0x00000007bef80000,0x00000007bf3b5030,0x00000007bf780000)
  to   space 8192K, 0% used [0x00000007bf800000,0x00000007bf800000,0x00000007c0000000)
 ParOldGen       total 172544K, used 96900K [0x0000000700000000, 0x000000070a880000, 0x00000007bc400000)
  object space 172544K, 56% used [0x0000000700000000,0x0000000705ea1308,0x000000070a880000)
 Metaspace       used 76973K, capacity 77444K, committed 77824K, reserved 1116160K
  class space    used 11083K, capacity 11190K, committed 11264K, reserved 1048576K
}
Event: 3869.429 GC heap before
{Heap before GC invocations=539 (full 71):
 PSYoungGen      total 52736K, used 48852K [0x00000007bc400000, 0x00000007c0000000, 0x00000007c0000000)
  eden space 44544K, 100% used [0x00000007bc400000,0x00000007bef80000,0x00000007bef80000)
  from space 8192K, 52% used [0x00000007bef80000,0x00000007bf3b5030,0x00000007bf780000)
  to   space 8192K, 0% used [0x00000007bf800000,0x00000007bf800000,0x00000007c0000000)
 ParOldGen       total 172544K, used 96900K [0x0000000700000000, 0x000000070a880000, 0x00000007bc400000)
  object space 172544K, 56% used [0x0000000700000000,0x0000000705ea1308,0x000000070a880000)
 Metaspace       used 76973K, capacity 77444K, committed 77824K, reserved 1116160K
  class space    used 11083K, capacity 11190K, committed 11264K, reserved 1048576K
Event: 3869.434 GC heap after
Heap after GC invocations=539 (full 71):
 PSYoungGen      total 53760K, used 4331K [0x00000007bc400000, 0x00000007c0000000, 0x00000007c0000000)
  eden space 45568K, 0% used [0x00000007bc400000,0x00000007bc400000,0x00000007bf080000)
  from space 8192K, 52% used [0x00000007bf800000,0x00000007bfc3acb0,0x00000007c0000000)
  to   space 7680K, 0% used [0x00000007bf080000,0x00000007bf080000,0x00000007bf800000)
 ParOldGen       total 172544K, used 96948K [0x0000000700000000, 0x000000070a880000, 0x00000007bc400000)
  object space 172544K, 56% used [0x0000000700000000,0x0000000705ead308,0x000000070a880000)
 Metaspace       used 76973K, capacity 77444K, committed 77824K, reserved 1116160K
  class space    used 11083K, capacity 11190K, committed 11264K, reserved 1048576K
}
Event: 3869.770 GC heap before
{Heap before GC invocations=540 (full 71):
 PSYoungGen      total 53760K, used 49899K [0x00000007bc400000, 0x00000007c0000000, 0x00000007c0000000)
  eden space 45568K, 100% used [0x00000007bc400000,0x00000007bf080000,0x00000007bf080000)
  from space 8192K, 52% used [0x00000007bf800000,0x00000007bfc3acb0,0x00000007c0000000)
  to   space 7680K, 0% used [0x00000007bf080000,0x00000007bf080000,0x00000007bf800000)
 ParOldGen       total 172544K, used 96948K [0x0000000700000000, 0x000000070a880000, 0x00000007bc400000)
  object space 172544K, 56% used [0x0000000700000000,0x0000000705ead308,0x000000070a880000)
 Metaspace       used 76973K, capacity 77444K, committed 77824K, reserved 1116160K
  class space    used 11083K, capacity 11190K, committed 11264K, reserved 1048576K
Event: 3869.776 GC heap after
Heap after GC invocations=540 (full 71):
 PSYoungGen      total 53248K, used 3175K [0x00000007bc400000, 0x00000007c0000000, 0x00000007c0000000)
  eden space 45568K, 0% used [0x00000007bc400000,0x00000007bc400000,0x00000007bf080000)
  from space 7680K, 41% used [0x00000007bf080000,0x00000007bf399f80,0x00000007bf800000)
  to   space 7680K, 0% used [0x00000007bf880000,0x00000007bf880000,0x00000007c0000000)
 ParOldGen       total 172544K, used 98240K [0x0000000700000000, 0x000000070a880000, 0x00000007bc400000)
  object space 172544K, 56% used [0x0000000700000000,0x0000000705ff0240,0x000000070a880000)
 Metaspace       used 76973K, capacity 77444K, committed 77824K, reserved 1116160K
  class space    used 11083K, capacity 11190K, committed 11264K, reserved 1048576K
}

